0 info it worked if it ends with ok
1 verbose cli [ '/usr/local/Cellar/node/5.6.0/bin/node',
1 verbose cli   '/usr/local/bin/npm',
1 verbose cli   'run',
1 verbose cli   'site' ]
2 info using npm@3.6.0
3 info using node@v5.6.0
4 verbose run-script [ 'presite', 'site', 'postsite' ]
5 info lifecycle citegraph@1.0.0~presite: citegraph@1.0.0
6 silly lifecycle citegraph@1.0.0~presite: no script for presite, continuing
7 info lifecycle citegraph@1.0.0~site: citegraph@1.0.0
8 verbose lifecycle citegraph@1.0.0~site: unsafe-perm in lifecycle true
9 verbose lifecycle citegraph@1.0.0~site: PATH: /usr/local/lib/node_modules/npm/bin/node-gyp-bin:/Users/colinman/colin-data/academic/cs194/citegraph/node_modules/.bin:/Users/colinman/.rvm/gems/ruby-2.0.0-p643/bin:/Users/colinman/.rvm/gems/ruby-2.0.0-p643@global/bin:/Users/colinman/.rvm/rubies/ruby-2.0.0-p643/bin:/usr/local/bin:/usr/bin:/bin:/usr/sbin:/sbin:/opt/X11/bin:/usr/texbin:/Users/colinman/.rvm/bin:/Library/TeX/texbin
10 verbose lifecycle citegraph@1.0.0~site: CWD: /Users/colinman/colin-data/academic/cs194/citegraph
11 silly lifecycle citegraph@1.0.0~site: Args: [ '-c',
11 silly lifecycle   'babel src -d lib && mv lib/server.js server_compiled.js && node server_compiled.js' ]
12 silly lifecycle citegraph@1.0.0~site: Returned: code: 1  signal: null
13 info lifecycle citegraph@1.0.0~site: Failed to exec site script
14 verbose stack Error: citegraph@1.0.0 site: `babel src -d lib && mv lib/server.js server_compiled.js && node server_compiled.js`
14 verbose stack Exit status 1
14 verbose stack     at EventEmitter.<anonymous> (/usr/local/lib/node_modules/npm/lib/utils/lifecycle.js:232:16)
14 verbose stack     at emitTwo (events.js:100:13)
14 verbose stack     at EventEmitter.emit (events.js:185:7)
14 verbose stack     at ChildProcess.<anonymous> (/usr/local/lib/node_modules/npm/lib/utils/spawn.js:24:14)
14 verbose stack     at emitTwo (events.js:100:13)
14 verbose stack     at ChildProcess.emit (events.js:185:7)
14 verbose stack     at maybeClose (internal/child_process.js:827:16)
14 verbose stack     at Process.ChildProcess._handle.onexit (internal/child_process.js:211:5)
15 verbose pkgid citegraph@1.0.0
16 verbose cwd /Users/colinman/colin-data/academic/cs194/citegraph
17 error Darwin 15.2.0
18 error argv "/usr/local/Cellar/node/5.6.0/bin/node" "/usr/local/bin/npm" "run" "site"
19 error node v5.6.0
20 error npm  v3.6.0
21 error code ELIFECYCLE
22 error citegraph@1.0.0 site: `babel src -d lib && mv lib/server.js server_compiled.js && node server_compiled.js`
22 error Exit status 1
23 error Failed at the citegraph@1.0.0 site script 'babel src -d lib && mv lib/server.js server_compiled.js && node server_compiled.js'.
23 error Make sure you have the latest version of node.js and npm installed.
23 error If you do, this is most likely a problem with the citegraph package,
23 error not with npm itself.
23 error Tell the author that this fails on your system:
23 error     babel src -d lib && mv lib/server.js server_compiled.js && node server_compiled.js
23 error You can get information on how to open an issue for this project with:
23 error     npm bugs citegraph
23 error Or if that isn't available, you can get their info via:
23 error     npm owner ls citegraph
23 error There is likely additional logging output above.
24 verbose exit [ 1, true ]
